<?xml version="1.0" encoding="UTF-8"?>
<!-- Generated by org.testng.reporters.JUnitXMLReporter -->
<testsuite ignored="0" hostname="Akiro-PC" failures="0" tests="6" name="All tests" time="78.038" errors="0" timestamp="2022-07-15T13:41:39 MSK">
  <testcase classname="test.CommonConditions" name="@BeforeClass getCalculatorResult" time="46.735">
    <failure type="org.openqa.selenium.TimeoutException" message="Expected condition failed: waiting for element to be clickable: By.xpath: //div[contains(text(),&amp;apos;Mumbai&amp;apos;)]/parent::md-option[@ng-repeat=&amp;apos;item in listingCtrl.fullRegionList | filter:listingCtrl.inputRegionText.computeServer&amp;apos;] (tried for 20 second(s) with 500 milliseconds interval)
Build info: version: &amp;apos;4.3.0&amp;apos;, revision: &amp;apos;a4995e2c09*&amp;apos;
System info: host: &amp;apos;AKIRO-PC&amp;apos;, ip: &amp;apos;169.254.18.80&amp;apos;, os.name: &amp;apos;Windows 7&amp;apos;, os.arch: &amp;apos;amd64&amp;apos;, os.version: &amp;apos;6.1&amp;apos;, java.version: &amp;apos;18.0.1.1&amp;apos;
Driver info: org.openqa.selenium.chrome.ChromeDriver
Capabilities {acceptInsecureCerts: false, browserName: chrome, browserVersion: 103.0.5060.114, chrome: {chromedriverVersion: 103.0.5060.53 (a1711811edd7..., userDataDir: C:\Temp\scoped_dir6696_8876...}, goog:chromeOptions: {debuggerAddress: localhost:4087}, networkConnectionEnabled: false, pageLoadStrategy: normal, platformName: WINDOWS, proxy: Proxy(), se:cdp: ws://localhost:4087/devtool..., se:cdpVersion: 103.0.5060.114, setWindowRect: true, strictFileInteractability: false, timeouts: {implicit: 0, pageLoad: 300000, script: 30000}, unhandledPromptBehavior: dismiss and notify, webauthn:extension:credBlob: true, webauthn:extension:largeBlob: true, webauthn:virtualAuthenticators: true}
Session ID: 581ee9819974f296e6034d77a04b8748">
      <![CDATA[org.openqa.selenium.TimeoutException: Expected condition failed: waiting for element to be clickable: By.xpath: //div[contains(text(),'Mumbai')]/parent::md-option[@ng-repeat='item in listingCtrl.fullRegionList | filter:listingCtrl.inputRegionText.computeServer'] (tried for 20 second(s) with 500 milliseconds interval)
Build info: version: '4.3.0', revision: 'a4995e2c09*'
System info: host: 'AKIRO-PC', ip: '169.254.18.80', os.name: 'Windows 7', os.arch: 'amd64', os.version: '6.1', java.version: '18.0.1.1'
Driver info: org.openqa.selenium.chrome.ChromeDriver
Capabilities {acceptInsecureCerts: false, browserName: chrome, browserVersion: 103.0.5060.114, chrome: {chromedriverVersion: 103.0.5060.53 (a1711811edd7..., userDataDir: C:\Temp\scoped_dir6696_8876...}, goog:chromeOptions: {debuggerAddress: localhost:4087}, networkConnectionEnabled: false, pageLoadStrategy: normal, platformName: WINDOWS, proxy: Proxy(), se:cdp: ws://localhost:4087/devtool..., se:cdpVersion: 103.0.5060.114, setWindowRect: true, strictFileInteractability: false, timeouts: {implicit: 0, pageLoad: 300000, script: 30000}, unhandledPromptBehavior: dismiss and notify, webauthn:extension:credBlob: true, webauthn:extension:largeBlob: true, webauthn:virtualAuthenticators: true}
Session ID: 581ee9819974f296e6034d77a04b8748
at org.openqa.selenium.support.ui.WebDriverWait.timeoutException(WebDriverWait.java:87)
at org.openqa.selenium.support.ui.FluentWait.until(FluentWait.java:231)
at util.MethodWait.waitElementToBeClickable(MethodWait.java:16)
at page.CloudPricingCalculatorPage.selectDatacenterLocation(CloudPricingCalculatorPage.java:133)
at test.CommonConditions.getCalculatorResult(CommonConditions.java:40)
at java.base/java.util.ArrayList.forEach(ArrayList.java:1511)
... Removed 27 stack frames]]>
    </failure>
  </testcase> <!-- @BeforeClass getCalculatorResult -->
  <testcase classname="test.CompareFieldsData" name="commitmentTermTest" time="0.0">
    <skipped/>
  </testcase> <!-- commitmentTermTest -->
  <testcase classname="test.CompareFieldsData" name="instanceTypeTest" time="0.0">
    <skipped/>
  </testcase> <!-- instanceTypeTest -->
  <testcase classname="test.CompareFieldsData" name="localSSDTest" time="0.0">
    <skipped/>
  </testcase> <!-- localSSDTest -->
  <testcase classname="test.CompareFieldsData" name="provisioningModelTest" time="0.0">
    <skipped/>
  </testcase> <!-- provisioningModelTest -->
  <testcase classname="test.CompareFieldsData" name="regionTest" time="0.0">
    <skipped/>
  </testcase> <!-- regionTest -->
  <testcase classname="test.ComparePriceTest" name="priceOnCloudGooglePageEqualEmailedPrice" time="0.003"/>
</testsuite> <!-- All tests -->
