<!DOCTYPE html PUBLIC "-//W3C//DTD XHTML 1.1//EN" "https://www.w3.org/TR/xhtml11/DTD/xhtml11.dtd">
<html xmlns="https://www.w3.org/1999/xhtml">
<head>
<meta http-equiv="content-type" content="text/html; charset=UTF-8"/>
<title>TestNG Report</title>
<style type="text/css">table {margin-bottom:10px;border-collapse:collapse;empty-cells:show}th,td {border:1px solid #009;padding:.25em .5em}th {vertical-align:bottom}td {vertical-align:top}table a {font-weight:bold}.stripe td {background-color: #E6EBF9}.num {text-align:right}.passedodd td {background-color: #3F3}.passedeven td {background-color: #0A0}.skippedodd td {background-color: #DDD}.skippedeven td {background-color: #CCC}.failedodd td,.attn {background-color: #F33}.failedeven td,.stripe .attn {background-color: #D00}.stacktrace {white-space:pre;font-family:monospace}.totop {font-size:85%;text-align:center;border-bottom:2px solid #000}.invisible {display:none}</style>
</head>
<body>
<table>
<tr><th>Test</th><th># Passed</th><th># Skipped</th><th># Retried</th><th># Failed</th><th>Time (ms)</th><th>Included Groups</th><th>Excluded Groups</th></tr>
<tr><th colspan="8">Suite1</th></tr>
<tr><td><a href="#t0">test1</a></td><td class="num">5</td><td class="num">0</td><td class="num">0</td><td class="num">0</td><td class="num">16 838</td><td></td><td></td></tr>
<tr><th colspan="8">All tests</th></tr>
<tr class="stripe"><td><a href="#t1">All tests</a></td><td class="num">1</td><td class="num attn">5</td><td class="num">0</td><td class="num">0</td><td class="num">78 038</td><td></td><td></td></tr>
<tr><th>Total</th><th class="num">6</th><th class="num attn">5</th><th class="num">0</th><th class="num">0</th><th class="num">94 876</th><th colspan="2"></th></tr>
</table>
<table id='summary'><thead><tr><th>Class</th><th>Method</th><th>Start</th><th>Time (ms)</th></tr></thead><tbody><tr><th colspan="4">Suite1</th></tr></tbody><tbody id="t0"><tr><th colspan="4">test1 &#8212; passed</th></tr><tr class="passedeven"><td rowspan="5">test.CompareFieldsData</td><td><a href="#m0">commitmentTermTest</a></td><td rowspan="1">1657881715852</td><td rowspan="1">74</td></tr><tr class="passedeven"><td><a href="#m1">instanceTypeTest</a></td><td rowspan="1">1657881715926</td><td rowspan="1">32</td></tr><tr class="passedeven"><td><a href="#m2">localSSDTest</a></td><td rowspan="1">1657881715963</td><td rowspan="1">27</td></tr><tr class="passedeven"><td><a href="#m3">provisioningModelTest</a></td><td rowspan="1">1657881715991</td><td rowspan="1">28</td></tr><tr class="passedeven"><td><a href="#m4">regionTest</a></td><td rowspan="1">1657881716019</td><td rowspan="1">26</td></tr></tbody>
<tbody><tr><th colspan="4">All tests</th></tr></tbody><tbody id="t1"><tr><th colspan="4">All tests &#8212; failed (configuration methods)</th></tr><tr class="failedeven"><td rowspan="1">test.CompareFieldsData</td><td><a href="#m5">getCalculatorResult</a></td><td rowspan="1">1657881623864</td><td rowspan="1">46735</td></tr><tr><th colspan="4">All tests &#8212; skipped</th></tr><tr class="skippedeven"><td rowspan="5">test.CompareFieldsData</td><td><a href="#m6">commitmentTermTest</a></td><td rowspan="1">1657881670630</td><td rowspan="1">0</td></tr><tr class="skippedeven"><td><a href="#m7">instanceTypeTest</a></td><td rowspan="1">1657881670630</td><td rowspan="1">0</td></tr><tr class="skippedeven"><td><a href="#m8">localSSDTest</a></td><td rowspan="1">1657881670630</td><td rowspan="1">0</td></tr><tr class="skippedeven"><td><a href="#m9">provisioningModelTest</a></td><td rowspan="1">1657881670630</td><td rowspan="1">0</td></tr><tr class="skippedeven"><td><a href="#m10">regionTest</a></td><td rowspan="1">1657881670630</td><td rowspan="1">0</td></tr><tr><th colspan="4">All tests &#8212; passed</th></tr><tr class="passedeven"><td rowspan="1">test.ComparePriceTest</td><td><a href="#m11">priceOnCloudGooglePageEqualEmailedPrice</a></td><td rowspan="1">1657881699178</td><td rowspan="1">3</td></tr></tbody>
</table>
<h2>test1</h2><h3 id="m0">test.CompareFieldsData#commitmentTermTest</h3><table class="result"><tr><th class="invisible"/></tr></table><p class="totop"><a href="#summary">back to summary</a></p>
<h3 id="m1">test.CompareFieldsData#instanceTypeTest</h3><table class="result"><tr><th class="invisible"/></tr></table><p class="totop"><a href="#summary">back to summary</a></p>
<h3 id="m2">test.CompareFieldsData#localSSDTest</h3><table class="result"><tr><th class="invisible"/></tr></table><p class="totop"><a href="#summary">back to summary</a></p>
<h3 id="m3">test.CompareFieldsData#provisioningModelTest</h3><table class="result"><tr><th class="invisible"/></tr></table><p class="totop"><a href="#summary">back to summary</a></p>
<h3 id="m4">test.CompareFieldsData#regionTest</h3><table class="result"><tr><th class="invisible"/></tr></table><p class="totop"><a href="#summary">back to summary</a></p>
<h2>All tests</h2><h3 id="m5">test.CompareFieldsData#getCalculatorResult</h3><table class="result"><tr><th>Exception</th></tr><tr><td><div class="stacktrace">org.openqa.selenium.TimeoutException: Expected condition failed: waiting for element to be clickable: By.xpath: //div[contains(text(),&apos;Mumbai&apos;)]/parent::md-option[@ng-repeat=&apos;item in listingCtrl.fullRegionList | filter:listingCtrl.inputRegionText.computeServer&apos;] (tried for 20 second(s) with 500 milliseconds interval)
Build info: version: &apos;4.3.0&apos;, revision: &apos;a4995e2c09*&apos;
System info: host: &apos;AKIRO-PC&apos;, ip: &apos;169.254.18.80&apos;, os.name: &apos;Windows 7&apos;, os.arch: &apos;amd64&apos;, os.version: &apos;6.1&apos;, java.version: &apos;18.0.1.1&apos;
Driver info: org.openqa.selenium.chrome.ChromeDriver
Capabilities {acceptInsecureCerts: false, browserName: chrome, browserVersion: 103.0.5060.114, chrome: {chromedriverVersion: 103.0.5060.53 (a1711811edd7..., userDataDir: C:\Temp\scoped_dir6696_8876...}, goog:chromeOptions: {debuggerAddress: localhost:4087}, networkConnectionEnabled: false, pageLoadStrategy: normal, platformName: WINDOWS, proxy: Proxy(), se:cdp: ws://localhost:4087/devtool..., se:cdpVersion: 103.0.5060.114, setWindowRect: true, strictFileInteractability: false, timeouts: {implicit: 0, pageLoad: 300000, script: 30000}, unhandledPromptBehavior: dismiss and notify, webauthn:extension:credBlob: true, webauthn:extension:largeBlob: true, webauthn:virtualAuthenticators: true}
Session ID: 581ee9819974f296e6034d77a04b8748
	at org.openqa.selenium.support.ui.WebDriverWait.timeoutException(WebDriverWait.java:87)
	at org.openqa.selenium.support.ui.FluentWait.until(FluentWait.java:231)
	at util.MethodWait.waitElementToBeClickable(MethodWait.java:16)
	at page.CloudPricingCalculatorPage.selectDatacenterLocation(CloudPricingCalculatorPage.java:133)
	at test.CommonConditions.getCalculatorResult(CommonConditions.java:40)
	at java.base/java.util.ArrayList.forEach(ArrayList.java:1511)
... Removed 27 stack frames</div></td></tr></table><p class="totop"><a href="#summary">back to summary</a></p>
<h3 id="m6">test.CompareFieldsData#commitmentTermTest</h3><table class="result"><tr><th>Exception</th></tr><tr><td><div class="stacktrace">org.openqa.selenium.TimeoutException: Expected condition failed: waiting for element to be clickable: By.xpath: //div[contains(text(),&apos;Mumbai&apos;)]/parent::md-option[@ng-repeat=&apos;item in listingCtrl.fullRegionList | filter:listingCtrl.inputRegionText.computeServer&apos;] (tried for 20 second(s) with 500 milliseconds interval)
Build info: version: &apos;4.3.0&apos;, revision: &apos;a4995e2c09*&apos;
System info: host: &apos;AKIRO-PC&apos;, ip: &apos;169.254.18.80&apos;, os.name: &apos;Windows 7&apos;, os.arch: &apos;amd64&apos;, os.version: &apos;6.1&apos;, java.version: &apos;18.0.1.1&apos;
Driver info: org.openqa.selenium.chrome.ChromeDriver
Capabilities {acceptInsecureCerts: false, browserName: chrome, browserVersion: 103.0.5060.114, chrome: {chromedriverVersion: 103.0.5060.53 (a1711811edd7..., userDataDir: C:\Temp\scoped_dir6696_8876...}, goog:chromeOptions: {debuggerAddress: localhost:4087}, networkConnectionEnabled: false, pageLoadStrategy: normal, platformName: WINDOWS, proxy: Proxy(), se:cdp: ws://localhost:4087/devtool..., se:cdpVersion: 103.0.5060.114, setWindowRect: true, strictFileInteractability: false, timeouts: {implicit: 0, pageLoad: 300000, script: 30000}, unhandledPromptBehavior: dismiss and notify, webauthn:extension:credBlob: true, webauthn:extension:largeBlob: true, webauthn:virtualAuthenticators: true}
Session ID: 581ee9819974f296e6034d77a04b8748
	at org.openqa.selenium.support.ui.WebDriverWait.timeoutException(WebDriverWait.java:87)
	at org.openqa.selenium.support.ui.FluentWait.until(FluentWait.java:231)
	at util.MethodWait.waitElementToBeClickable(MethodWait.java:16)
	at page.CloudPricingCalculatorPage.selectDatacenterLocation(CloudPricingCalculatorPage.java:133)
	at test.CommonConditions.getCalculatorResult(CommonConditions.java:40)
	at java.base/java.util.ArrayList.forEach(ArrayList.java:1511)
... Removed 27 stack frames</div></td></tr></table><p class="totop"><a href="#summary">back to summary</a></p>
<h3 id="m7">test.CompareFieldsData#instanceTypeTest</h3><table class="result"><tr><th>Exception</th></tr><tr><td><div class="stacktrace">org.openqa.selenium.TimeoutException: Expected condition failed: waiting for element to be clickable: By.xpath: //div[contains(text(),&apos;Mumbai&apos;)]/parent::md-option[@ng-repeat=&apos;item in listingCtrl.fullRegionList | filter:listingCtrl.inputRegionText.computeServer&apos;] (tried for 20 second(s) with 500 milliseconds interval)
Build info: version: &apos;4.3.0&apos;, revision: &apos;a4995e2c09*&apos;
System info: host: &apos;AKIRO-PC&apos;, ip: &apos;169.254.18.80&apos;, os.name: &apos;Windows 7&apos;, os.arch: &apos;amd64&apos;, os.version: &apos;6.1&apos;, java.version: &apos;18.0.1.1&apos;
Driver info: org.openqa.selenium.chrome.ChromeDriver
Capabilities {acceptInsecureCerts: false, browserName: chrome, browserVersion: 103.0.5060.114, chrome: {chromedriverVersion: 103.0.5060.53 (a1711811edd7..., userDataDir: C:\Temp\scoped_dir6696_8876...}, goog:chromeOptions: {debuggerAddress: localhost:4087}, networkConnectionEnabled: false, pageLoadStrategy: normal, platformName: WINDOWS, proxy: Proxy(), se:cdp: ws://localhost:4087/devtool..., se:cdpVersion: 103.0.5060.114, setWindowRect: true, strictFileInteractability: false, timeouts: {implicit: 0, pageLoad: 300000, script: 30000}, unhandledPromptBehavior: dismiss and notify, webauthn:extension:credBlob: true, webauthn:extension:largeBlob: true, webauthn:virtualAuthenticators: true}
Session ID: 581ee9819974f296e6034d77a04b8748
	at org.openqa.selenium.support.ui.WebDriverWait.timeoutException(WebDriverWait.java:87)
	at org.openqa.selenium.support.ui.FluentWait.until(FluentWait.java:231)
	at util.MethodWait.waitElementToBeClickable(MethodWait.java:16)
	at page.CloudPricingCalculatorPage.selectDatacenterLocation(CloudPricingCalculatorPage.java:133)
	at test.CommonConditions.getCalculatorResult(CommonConditions.java:40)
	at java.base/java.util.ArrayList.forEach(ArrayList.java:1511)
... Removed 27 stack frames</div></td></tr></table><p class="totop"><a href="#summary">back to summary</a></p>
<h3 id="m8">test.CompareFieldsData#localSSDTest</h3><table class="result"><tr><th>Exception</th></tr><tr><td><div class="stacktrace">org.openqa.selenium.TimeoutException: Expected condition failed: waiting for element to be clickable: By.xpath: //div[contains(text(),&apos;Mumbai&apos;)]/parent::md-option[@ng-repeat=&apos;item in listingCtrl.fullRegionList | filter:listingCtrl.inputRegionText.computeServer&apos;] (tried for 20 second(s) with 500 milliseconds interval)
Build info: version: &apos;4.3.0&apos;, revision: &apos;a4995e2c09*&apos;
System info: host: &apos;AKIRO-PC&apos;, ip: &apos;169.254.18.80&apos;, os.name: &apos;Windows 7&apos;, os.arch: &apos;amd64&apos;, os.version: &apos;6.1&apos;, java.version: &apos;18.0.1.1&apos;
Driver info: org.openqa.selenium.chrome.ChromeDriver
Capabilities {acceptInsecureCerts: false, browserName: chrome, browserVersion: 103.0.5060.114, chrome: {chromedriverVersion: 103.0.5060.53 (a1711811edd7..., userDataDir: C:\Temp\scoped_dir6696_8876...}, goog:chromeOptions: {debuggerAddress: localhost:4087}, networkConnectionEnabled: false, pageLoadStrategy: normal, platformName: WINDOWS, proxy: Proxy(), se:cdp: ws://localhost:4087/devtool..., se:cdpVersion: 103.0.5060.114, setWindowRect: true, strictFileInteractability: false, timeouts: {implicit: 0, pageLoad: 300000, script: 30000}, unhandledPromptBehavior: dismiss and notify, webauthn:extension:credBlob: true, webauthn:extension:largeBlob: true, webauthn:virtualAuthenticators: true}
Session ID: 581ee9819974f296e6034d77a04b8748
	at org.openqa.selenium.support.ui.WebDriverWait.timeoutException(WebDriverWait.java:87)
	at org.openqa.selenium.support.ui.FluentWait.until(FluentWait.java:231)
	at util.MethodWait.waitElementToBeClickable(MethodWait.java:16)
	at page.CloudPricingCalculatorPage.selectDatacenterLocation(CloudPricingCalculatorPage.java:133)
	at test.CommonConditions.getCalculatorResult(CommonConditions.java:40)
	at java.base/java.util.ArrayList.forEach(ArrayList.java:1511)
... Removed 27 stack frames</div></td></tr></table><p class="totop"><a href="#summary">back to summary</a></p>
<h3 id="m9">test.CompareFieldsData#provisioningModelTest</h3><table class="result"><tr><th>Exception</th></tr><tr><td><div class="stacktrace">org.openqa.selenium.TimeoutException: Expected condition failed: waiting for element to be clickable: By.xpath: //div[contains(text(),&apos;Mumbai&apos;)]/parent::md-option[@ng-repeat=&apos;item in listingCtrl.fullRegionList | filter:listingCtrl.inputRegionText.computeServer&apos;] (tried for 20 second(s) with 500 milliseconds interval)
Build info: version: &apos;4.3.0&apos;, revision: &apos;a4995e2c09*&apos;
System info: host: &apos;AKIRO-PC&apos;, ip: &apos;169.254.18.80&apos;, os.name: &apos;Windows 7&apos;, os.arch: &apos;amd64&apos;, os.version: &apos;6.1&apos;, java.version: &apos;18.0.1.1&apos;
Driver info: org.openqa.selenium.chrome.ChromeDriver
Capabilities {acceptInsecureCerts: false, browserName: chrome, browserVersion: 103.0.5060.114, chrome: {chromedriverVersion: 103.0.5060.53 (a1711811edd7..., userDataDir: C:\Temp\scoped_dir6696_8876...}, goog:chromeOptions: {debuggerAddress: localhost:4087}, networkConnectionEnabled: false, pageLoadStrategy: normal, platformName: WINDOWS, proxy: Proxy(), se:cdp: ws://localhost:4087/devtool..., se:cdpVersion: 103.0.5060.114, setWindowRect: true, strictFileInteractability: false, timeouts: {implicit: 0, pageLoad: 300000, script: 30000}, unhandledPromptBehavior: dismiss and notify, webauthn:extension:credBlob: true, webauthn:extension:largeBlob: true, webauthn:virtualAuthenticators: true}
Session ID: 581ee9819974f296e6034d77a04b8748
	at org.openqa.selenium.support.ui.WebDriverWait.timeoutException(WebDriverWait.java:87)
	at org.openqa.selenium.support.ui.FluentWait.until(FluentWait.java:231)
	at util.MethodWait.waitElementToBeClickable(MethodWait.java:16)
	at page.CloudPricingCalculatorPage.selectDatacenterLocation(CloudPricingCalculatorPage.java:133)
	at test.CommonConditions.getCalculatorResult(CommonConditions.java:40)
	at java.base/java.util.ArrayList.forEach(ArrayList.java:1511)
... Removed 27 stack frames</div></td></tr></table><p class="totop"><a href="#summary">back to summary</a></p>
<h3 id="m10">test.CompareFieldsData#regionTest</h3><table class="result"><tr><th>Exception</th></tr><tr><td><div class="stacktrace">org.openqa.selenium.TimeoutException: Expected condition failed: waiting for element to be clickable: By.xpath: //div[contains(text(),&apos;Mumbai&apos;)]/parent::md-option[@ng-repeat=&apos;item in listingCtrl.fullRegionList | filter:listingCtrl.inputRegionText.computeServer&apos;] (tried for 20 second(s) with 500 milliseconds interval)
Build info: version: &apos;4.3.0&apos;, revision: &apos;a4995e2c09*&apos;
System info: host: &apos;AKIRO-PC&apos;, ip: &apos;169.254.18.80&apos;, os.name: &apos;Windows 7&apos;, os.arch: &apos;amd64&apos;, os.version: &apos;6.1&apos;, java.version: &apos;18.0.1.1&apos;
Driver info: org.openqa.selenium.chrome.ChromeDriver
Capabilities {acceptInsecureCerts: false, browserName: chrome, browserVersion: 103.0.5060.114, chrome: {chromedriverVersion: 103.0.5060.53 (a1711811edd7..., userDataDir: C:\Temp\scoped_dir6696_8876...}, goog:chromeOptions: {debuggerAddress: localhost:4087}, networkConnectionEnabled: false, pageLoadStrategy: normal, platformName: WINDOWS, proxy: Proxy(), se:cdp: ws://localhost:4087/devtool..., se:cdpVersion: 103.0.5060.114, setWindowRect: true, strictFileInteractability: false, timeouts: {implicit: 0, pageLoad: 300000, script: 30000}, unhandledPromptBehavior: dismiss and notify, webauthn:extension:credBlob: true, webauthn:extension:largeBlob: true, webauthn:virtualAuthenticators: true}
Session ID: 581ee9819974f296e6034d77a04b8748
	at org.openqa.selenium.support.ui.WebDriverWait.timeoutException(WebDriverWait.java:87)
	at org.openqa.selenium.support.ui.FluentWait.until(FluentWait.java:231)
	at util.MethodWait.waitElementToBeClickable(MethodWait.java:16)
	at page.CloudPricingCalculatorPage.selectDatacenterLocation(CloudPricingCalculatorPage.java:133)
	at test.CommonConditions.getCalculatorResult(CommonConditions.java:40)
	at java.base/java.util.ArrayList.forEach(ArrayList.java:1511)
... Removed 27 stack frames</div></td></tr></table><p class="totop"><a href="#summary">back to summary</a></p>
<h3 id="m11">test.ComparePriceTest#priceOnCloudGooglePageEqualEmailedPrice</h3><table class="result"><tr><th class="invisible"/></tr></table><p class="totop"><a href="#summary">back to summary</a></p>
</body>
</html>
