<?xml version="1.0" encoding="UTF-8"?>
<!-- Generated by org.testng.reporters.JUnitReportReporter -->
<testsuite hostname="Akiro-PC" failures="0" tests="11" name="test.CompareFieldsData" time="46.922" errors="1" timestamp="2022-07-15T13:41:56 MSK" skipped="5">
  <testcase classname="test.CompareFieldsData" name="commitmentTermTest" time="0.000">
    <skipped/>
  </testcase> <!-- commitmentTermTest -->
  <system-out/>
  <testcase classname="test.CompareFieldsData" name="provisioningModelTest" time="0.028"/>
  <system-out/>
  <testcase classname="test.CompareFieldsData" name="instanceTypeTest" time="0.000">
    <skipped/>
  </testcase> <!-- instanceTypeTest -->
  <system-out/>
  <testcase classname="test.CompareFieldsData" name="instanceTypeTest" time="0.032"/>
  <system-out/>
  <testcase classname="test.CompareFieldsData" name="localSSDTest" time="0.027"/>
  <system-out/>
  <testcase classname="test.CompareFieldsData" name="localSSDTest" time="0.000">
    <skipped/>
  </testcase> <!-- localSSDTest -->
  <system-out/>
  <testcase classname="test.CompareFieldsData" name="regionTest" time="0.026"/>
  <system-out/>
  <testcase classname="test.CompareFieldsData" name="getCalculatorResult" time="46.735">
    <error message="Expected condition failed: waiting for element to be clickable: By.xpath: //div[contains(text(),&#039;Mumbai&#039;)]/parent::md-option[@ng-repeat=&#039;item in listingCtrl.fullRegionList | filter:listingCtrl.inputRegionText.computeServer&#039;] (tried for 20 second(s) with 500 milliseconds interval)
Build info: version: &#039;4.3.0&#039;, revision: &#039;a4995e2c09*&#039;
System info: host: &#039;AKIRO-PC&#039;, ip: &#039;169.254.18.80&#039;, os.name: &#039;Windows 7&#039;, os.arch: &#039;amd64&#039;, os.version: &#039;6.1&#039;, java.version: &#039;18.0.1.1&#039;
Driver info: org.openqa.selenium.chrome.ChromeDriver
Capabilities {acceptInsecureCerts: false, browserName: chrome, browserVersion: 103.0.5060.114, chrome: {chromedriverVersion: 103.0.5060.53 (a1711811edd7..., userDataDir: C:\Temp\scoped_dir6696_8876...}, goog:chromeOptions: {debuggerAddress: localhost:4087}, networkConnectionEnabled: false, pageLoadStrategy: normal, platformName: WINDOWS, proxy: Proxy(), se:cdp: ws://localhost:4087/devtool..., se:cdpVersion: 103.0.5060.114, setWindowRect: true, strictFileInteractability: false, timeouts: {implicit: 0, pageLoad: 300000, script: 30000}, unhandledPromptBehavior: dismiss and notify, webauthn:extension:credBlob: true, webauthn:extension:largeBlob: true, webauthn:virtualAuthenticators: true}
Session ID: 581ee9819974f296e6034d77a04b8748" type="org.openqa.selenium.TimeoutException">
      <![CDATA[org.openqa.selenium.TimeoutException: Expected condition failed: waiting for element to be clickable: By.xpath: //div[contains(text(),'Mumbai')]/parent::md-option[@ng-repeat='item in listingCtrl.fullRegionList | filter:listingCtrl.inputRegionText.computeServer'] (tried for 20 second(s) with 500 milliseconds interval)
Build info: version: '4.3.0', revision: 'a4995e2c09*'
System info: host: 'AKIRO-PC', ip: '169.254.18.80', os.name: 'Windows 7', os.arch: 'amd64', os.version: '6.1', java.version: '18.0.1.1'
Driver info: org.openqa.selenium.chrome.ChromeDriver
Capabilities {acceptInsecureCerts: false, browserName: chrome, browserVersion: 103.0.5060.114, chrome: {chromedriverVersion: 103.0.5060.53 (a1711811edd7..., userDataDir: C:\Temp\scoped_dir6696_8876...}, goog:chromeOptions: {debuggerAddress: localhost:4087}, networkConnectionEnabled: false, pageLoadStrategy: normal, platformName: WINDOWS, proxy: Proxy(), se:cdp: ws://localhost:4087/devtool..., se:cdpVersion: 103.0.5060.114, setWindowRect: true, strictFileInteractability: false, timeouts: {implicit: 0, pageLoad: 300000, script: 30000}, unhandledPromptBehavior: dismiss and notify, webauthn:extension:credBlob: true, webauthn:extension:largeBlob: true, webauthn:virtualAuthenticators: true}
Session ID: 581ee9819974f296e6034d77a04b8748
at org.openqa.selenium.support.ui.WebDriverWait.timeoutException(WebDriverWait.java:87)
at org.openqa.selenium.support.ui.FluentWait.until(FluentWait.java:231)
at util.MethodWait.waitElementToBeClickable(MethodWait.java:16)
at page.CloudPricingCalculatorPage.selectDatacenterLocation(CloudPricingCalculatorPage.java:133)
at test.CommonConditions.getCalculatorResult(CommonConditions.java:40)
at java.base/jdk.internal.reflect.DirectMethodHandleAccessor.invoke(DirectMethodHandleAccessor.java:104)
at java.base/java.lang.reflect.Method.invoke(Method.java:577)
at org.testng.internal.invokers.MethodInvocationHelper.invokeMethod(MethodInvocationHelper.java:139)
at org.testng.internal.invokers.MethodInvocationHelper.invokeMethodConsideringTimeout(MethodInvocationHelper.java:69)
at org.testng.internal.invokers.ConfigInvoker.invokeConfigurationMethod(ConfigInvoker.java:361)
at org.testng.internal.invokers.ConfigInvoker.invokeConfigurations(ConfigInvoker.java:296)
at org.testng.internal.invokers.TestMethodWorker.invokeBeforeClassMethods(TestMethodWorker.java:180)
at org.testng.internal.invokers.TestMethodWorker.run(TestMethodWorker.java:122)
at java.base/java.util.ArrayList.forEach(ArrayList.java:1511)
at org.testng.TestRunner.privateRun(TestRunner.java:806)
at org.testng.TestRunner.run(TestRunner.java:601)
at org.testng.SuiteRunner.runTest(SuiteRunner.java:433)
at org.testng.SuiteRunner.runSequentially(SuiteRunner.java:427)
at org.testng.SuiteRunner.privateRun(SuiteRunner.java:387)
at org.testng.SuiteRunner.run(SuiteRunner.java:330)
at org.testng.SuiteRunnerWorker.runSuite(SuiteRunnerWorker.java:52)
at org.testng.SuiteRunnerWorker.run(SuiteRunnerWorker.java:95)
at org.testng.TestNG.runSuitesSequentially(TestNG.java:1256)
at org.testng.TestNG.runSuitesLocally(TestNG.java:1176)
at org.testng.TestNG.runSuites(TestNG.java:1099)
at org.testng.TestNG.run(TestNG.java:1067)
at org.apache.maven.surefire.testng.TestNGExecutor.run(TestNGExecutor.java:283)
at org.apache.maven.surefire.testng.TestNGXmlTestSuite.execute(TestNGXmlTestSuite.java:75)
at org.apache.maven.surefire.testng.TestNGProvider.invoke(TestNGProvider.java:120)
at org.apache.maven.surefire.booter.ForkedBooter.invokeProviderInSameClassLoader(ForkedBooter.java:384)
at org.apache.maven.surefire.booter.ForkedBooter.runSuitesInProcess(ForkedBooter.java:345)
at org.apache.maven.surefire.booter.ForkedBooter.execute(ForkedBooter.java:126)
at org.apache.maven.surefire.booter.ForkedBooter.main(ForkedBooter.java:418)
]]>
    </error>
  </testcase> <!-- getCalculatorResult -->
  <system-out/>
  <testcase classname="test.CompareFieldsData" name="commitmentTermTest" time="0.074"/>
  <system-out/>
  <testcase classname="test.CompareFieldsData" name="provisioningModelTest" time="0.000">
    <skipped/>
  </testcase> <!-- provisioningModelTest -->
  <system-out/>
  <testcase classname="test.CompareFieldsData" name="regionTest" time="0.000">
    <skipped/>
  </testcase> <!-- regionTest -->
  <system-out/>
</testsuite> <!-- test.CompareFieldsData -->
